#Software: Microsoft Internet Information Services 8.0
#Version: 1.0
#Date: 2015-11-17 09:18:52
#Fields: date time s-ip cs-method cs-uri-stem cs-uri-query s-port cs-username c-ip cs(User-Agent) cs(Referer) sc-status sc-substatus sc-win32-status time-taken
2015-11-17 09:18:52 ::1 GET /XMLToDataTable.aspx - 15060 - ::1 Mozilla/4.0+(compatible;+MSIE+8.0;+Windows+NT+6.1;+Trident/4.0;+SLCC2;+.NET+CLR+2.0.50727;+.NET+CLR+3.5.30729;+.NET+CLR+3.0.30729;+Media+Center+PC+6.0;+.NET4.0C;+.NET4.0E) - 500 0 0 663284
2015-11-17 09:19:22 ::1 GET /XMLToDataTable.aspx - 15060 - ::1 Mozilla/4.0+(compatible;+MSIE+8.0;+Windows+NT+6.1;+Trident/4.0;+SLCC2;+.NET+CLR+2.0.50727;+.NET+CLR+3.5.30729;+.NET+CLR+3.0.30729;+Media+Center+PC+6.0;+.NET4.0C;+.NET4.0E) - 500 0 0 19693
#Software: Microsoft Internet Information Services 8.0
#Version: 1.0
#Date: 2015-11-17 09:23:10
#Fields: date time s-ip cs-method cs-uri-stem cs-uri-query s-port cs-username c-ip cs(User-Agent) cs(Referer) sc-status sc-substatus sc-win32-status time-taken
2015-11-17 09:23:10 ::1 GET /XMLToDataTable.aspx - 15060 - ::1 Mozilla/4.0+(compatible;+MSIE+8.0;+Windows+NT+6.1;+Trident/4.0;+SLCC2;+.NET+CLR+2.0.50727;+.NET+CLR+3.5.30729;+.NET+CLR+3.0.30729;+Media+Center+PC+6.0;+.NET4.0C;+.NET4.0E) - 500 0 0 9198
#Software: Microsoft Internet Information Services 8.0
#Version: 1.0
#Date: 2015-11-17 09:23:51
#Fields: date time s-ip cs-method cs-uri-stem cs-uri-query s-port cs-username c-ip cs(User-Agent) cs(Referer) sc-status sc-substatus sc-win32-status time-taken
2015-11-17 09:23:51 ::1 GET /XMLToDataTable.aspx - 15060 - ::1 Mozilla/4.0+(compatible;+MSIE+8.0;+Windows+NT+6.1;+Trident/4.0;+SLCC2;+.NET+CLR+2.0.50727;+.NET+CLR+3.5.30729;+.NET+CLR+3.0.30729;+Media+Center+PC+6.0;+.NET4.0C;+.NET4.0E) - 500 0 0 12294
#Software: Microsoft Internet Information Services 8.0
#Version: 1.0
#Date: 2015-11-17 09:26:11
#Fields: date time s-ip cs-method cs-uri-stem cs-uri-query s-port cs-username c-ip cs(User-Agent) cs(Referer) sc-status sc-substatus sc-win32-status time-taken
2015-11-17 09:26:11 ::1 GET /XMLToDataTable.aspx - 15060 - ::1 Mozilla/4.0+(compatible;+MSIE+8.0;+Windows+NT+6.1;+Trident/4.0;+SLCC2;+.NET+CLR+2.0.50727;+.NET+CLR+3.5.30729;+.NET+CLR+3.0.30729;+Media+Center+PC+6.0;+.NET4.0C;+.NET4.0E) - 500 0 0 40817
#Software: Microsoft Internet Information Services 8.0
#Version: 1.0
#Date: 2015-11-17 09:27:29
#Fields: date time s-ip cs-method cs-uri-stem cs-uri-query s-port cs-username c-ip cs(User-Agent) cs(Referer) sc-status sc-substatus sc-win32-status time-taken
2015-11-17 09:27:29 ::1 GET /XMLToDataTable.aspx - 15060 - ::1 Mozilla/4.0+(compatible;+MSIE+8.0;+Windows+NT+6.1;+Trident/4.0;+SLCC2;+.NET+CLR+2.0.50727;+.NET+CLR+3.5.30729;+.NET+CLR+3.0.30729;+Media+Center+PC+6.0;+.NET4.0C;+.NET4.0E) - 200 0 0 64833
2015-11-17 09:27:29 ::1 GET /favicon.ico - 15060 - ::1 Mozilla/4.0+(compatible;+MSIE+8.0;+Windows+NT+6.1;+Trident/4.0;+SLCC2;+.NET+CLR+2.0.50727;+.NET+CLR+3.5.30729;+.NET+CLR+3.0.30729;+Media+Center+PC+6.0;+.NET4.0C;+.NET4.0E) - 404 0 2 69
#Software: Microsoft Internet Information Services 8.0
#Version: 1.0
#Date: 2015-11-17 09:30:20
#Fields: date time s-ip cs-method cs-uri-stem cs-uri-query s-port cs-username c-ip cs(User-Agent) cs(Referer) sc-status sc-substatus sc-win32-status time-taken
2015-11-17 09:30:20 ::1 GET /XMLToDataTable.aspx - 15060 - ::1 Mozilla/4.0+(compatible;+MSIE+8.0;+Windows+NT+6.1;+Trident/4.0;+SLCC2;+.NET+CLR+2.0.50727;+.NET+CLR+3.5.30729;+.NET+CLR+3.0.30729;+Media+Center+PC+6.0;+.NET4.0C;+.NET4.0E) - 500 0 0 17073
#Software: Microsoft Internet Information Services 8.0
#Version: 1.0
#Date: 2015-11-17 09:32:14
#Fields: date time s-ip cs-method cs-uri-stem cs-uri-query s-port cs-username c-ip cs(User-Agent) cs(Referer) sc-status sc-substatus sc-win32-status time-taken
2015-11-17 09:32:14 ::1 GET /XMLToDataTable.aspx - 15060 - ::1 Mozilla/4.0+(compatible;+MSIE+8.0;+Windows+NT+6.1;+Trident/4.0;+SLCC2;+.NET+CLR+2.0.50727;+.NET+CLR+3.5.30729;+.NET+CLR+3.0.30729;+Media+Center+PC+6.0;+.NET4.0C;+.NET4.0E) - 500 0 0 54409
2015-11-17 09:33:47 ::1 GET /XMLToDataTable.aspx - 15060 - ::1 Mozilla/4.0+(compatible;+MSIE+8.0;+Windows+NT+6.1;+Trident/4.0;+SLCC2;+.NET+CLR+2.0.50727;+.NET+CLR+3.5.30729;+.NET+CLR+3.0.30729;+Media+Center+PC+6.0;+.NET4.0C;+.NET4.0E) - 500 0 0 3826
